# JRE version: OpenJDK Runtime Environment (11.0.10) (build 11.0.10+0-b96-7249189)
# Java VM: OpenJDK 64-Bit Server VM (11.0.10+0-b96-7249189, mixed mode, tiered, compressed oops, g1 gc, windows-amd64)
Heap:
 garbage-first heap   total 324608K, used 228475K [0x0000000080000000, 0x0000000100000000)
  region size 1024K, 92 young (94208K), 9 survivors (9216K)
 Metaspace       used 138325K, capacity 142345K, committed 142680K, reserved 1173504K
  class space    used 17171K, capacity 18629K, committed 18776K, reserved 1048576K
GC Heap History (20 events):
Event: 2071.347 GC heap before
{Heap before GC invocations=63 (full 0):
 garbage-first heap   total 270336K, used 221199K [0x0000000080000000, 0x0000000100000000)
  region size 1024K, 70 young (71680K), 2 survivors (2048K)
 Metaspace       used 123163K, capacity 126359K, committed 126936K, reserved 1159168K
  class space    used 15018K, capacity 16148K, committed 16344K, reserved 1048576K
}
Event: 2071.353 GC heap after
{Heap after GC invocations=64 (full 0):
 garbage-first heap   total 270336K, used 155831K [0x0000000080000000, 0x0000000100000000)
  region size 1024K, 7 young (7168K), 7 survivors (7168K)
 Metaspace       used 123163K, capacity 126359K, committed 126936K, reserved 1159168K
  class space    used 15018K, capacity 16148K, committed 16344K, reserved 1048576K
}
Event: 2072.775 GC heap before
{Heap before GC invocations=64 (full 0):
 garbage-first heap   total 270336K, used 221367K [0x0000000080000000, 0x0000000100000000)
  region size 1024K, 72 young (73728K), 7 survivors (7168K)
 Metaspace       used 124539K, capacity 127795K, committed 128088K, reserved 1161216K
  class space    used 15148K, capacity 16278K, committed 16472K, reserved 1048576K
}
Event: 2072.784 GC heap after
{Heap after GC invocations=65 (full 0):
 garbage-first heap   total 270336K, used 155254K [0x0000000080000000, 0x0000000100000000)
  region size 1024K, 4 young (4096K), 4 survivors (4096K)
 Metaspace       used 124539K, capacity 127795K, committed 128088K, reserved 1161216K
  class space    used 15148K, capacity 16278K, committed 16472K, reserved 1048576K
}
Event: 2073.169 GC heap before
{Heap before GC invocations=65 (full 0):
 garbage-first heap   total 270336K, used 222838K [0x0000000080000000, 0x0000000100000000)
  region size 1024K, 71 young (72704K), 4 survivors (4096K)
 Metaspace       used 126886K, capacity 130270K, committed 130392K, reserved 1163264K
  class space    used 15476K, capacity 16631K, committed 16728K, reserved 1048576K
}
Event: 2073.174 GC heap after
{Heap after GC invocations=66 (full 0):
 garbage-first heap   total 270336K, used 156478K [0x0000000080000000, 0x0000000100000000)
  region size 1024K, 5 young (5120K), 5 survivors (5120K)
 Metaspace       used 126886K, capacity 130270K, committed 130392K, reserved 1163264K
  class space    used 15476K, capacity 16631K, committed 16728K, reserved 1048576K
}
Event: 2073.545 GC heap before
{Heap before GC invocations=66 (full 0):
 garbage-first heap   total 270336K, used 225086K [0x0000000080000000, 0x0000000100000000)
  region size 1024K, 73 young (74752K), 5 survivors (5120K)
 Metaspace       used 128484K, capacity 131777K, committed 131928K, reserved 1165312K
  class space    used 15668K, capacity 16834K, committed 16984K, reserved 1048576K
}
Event: 2073.553 GC heap after
{Heap after GC invocations=67 (full 0):
 garbage-first heap   total 270336K, used 161005K [0x0000000080000000, 0x0000000100000000)
  region size 1024K, 9 young (9216K), 9 survivors (9216K)
 Metaspace       used 128484K, capacity 131777K, committed 131928K, reserved 1165312K
  class space    used 15668K, capacity 16834K, committed 16984K, reserved 1048576K
}
Event: 2073.861 GC heap before
{Heap before GC invocations=67 (full 0):
 garbage-first heap   total 270336K, used 210157K [0x0000000080000000, 0x0000000100000000)
  region size 1024K, 58 young (59392K), 9 survivors (9216K)
 Metaspace       used 130466K, capacity 133792K, committed 133976K, reserved 1165312K
  class space    used 15923K, capacity 17102K, committed 17240K, reserved 1048576K
}
Event: 2073.893 GC heap after
{Heap after GC invocations=68 (full 0):
 garbage-first heap   total 270336K, used 169715K [0x0000000080000000, 0x0000000100000000)
  region size 1024K, 10 young (10240K), 10 survivors (10240K)
 Metaspace       used 130466K, capacity 133792K, committed 133976K, reserved 1165312K
  class space    used 15923K, capacity 17102K, committed 17240K, reserved 1048576K
}
Event: 2074.117 GC heap before
{Heap before GC invocations=68 (full 0):
 garbage-first heap   total 270336K, used 208627K [0x0000000080000000, 0x0000000100000000)
  region size 1024K, 63 young (64512K), 10 survivors (10240K)
 Metaspace       used 131669K, capacity 135033K, committed 135128K, reserved 1167360K
  class space    used 16101K, capacity 17281K, committed 17368K, reserved 1048576K
}
Event: 2074.127 GC heap after
{Heap after GC invocations=69 (full 0):
 garbage-first heap   total 270336K, used 158293K [0x0000000080000000, 0x0000000100000000)
  region size 1024K, 5 young (5120K), 5 survivors (5120K)
 Metaspace       used 131669K, capacity 135033K, committed 135128K, reserved 1167360K
  class space    used 16101K, capacity 17281K, committed 17368K, reserved 1048576K
}
Event: 2074.248 GC heap before
{Heap before GC invocations=70 (full 0):
 garbage-first heap   total 270336K, used 217685K [0x0000000080000000, 0x0000000100000000)
  region size 1024K, 64 young (65536K), 5 survivors (5120K)
 Metaspace       used 133043K, capacity 136547K, committed 136664K, reserved 1169408K
  class space    used 16332K, capacity 17583K, committed 17624K, reserved 1048576K
}
Event: 2074.254 GC heap after
{Heap after GC invocations=71 (full 0):
 garbage-first heap   total 270336K, used 159836K [0x0000000080000000, 0x0000000100000000)
  region size 1024K, 6 young (6144K), 6 survivors (6144K)
 Metaspace       used 133043K, capacity 136547K, committed 136664K, reserved 1169408K
  class space    used 16332K, capacity 17583K, committed 17624K, reserved 1048576K
}
Event: 2074.267 GC heap before
{Heap before GC invocations=71 (full 0):
 garbage-first heap   total 270336K, used 167004K [0x0000000080000000, 0x0000000100000000)
  region size 1024K, 13 young (13312K), 6 survivors (6144K)
 Metaspace       used 133156K, capacity 136686K, committed 136920K, reserved 1169408K
  class space    used 16353K, capacity 17587K, committed 17624K, reserved 1048576K
}
Event: 2074.279 GC heap after
{Heap after GC invocations=72 (full 0):
 garbage-first heap   total 270336K, used 138550K [0x0000000080000000, 0x0000000100000000)
  region size 1024K, 2 young (2048K), 2 survivors (2048K)
 Metaspace       used 133156K, capacity 136686K, committed 136920K, reserved 1169408K
  class space    used 16353K, capacity 17587K, committed 17624K, reserved 1048576K
}
Event: 2074.296 GC heap before
{Heap before GC invocations=72 (full 0):
 garbage-first heap   total 270336K, used 149814K [0x0000000080000000, 0x0000000100000000)
  region size 1024K, 13 young (13312K), 2 survivors (2048K)
 Metaspace       used 133290K, capacity 136790K, committed 137048K, reserved 1169408K
  class space    used 16375K, capacity 17622K, committed 17752K, reserved 1048576K
}
Event: 2074.305 GC heap after
{Heap after GC invocations=73 (full 0):
 garbage-first heap   total 270336K, used 137014K [0x0000000080000000, 0x0000000100000000)
  region size 1024K, 2 young (2048K), 2 survivors (2048K)
 Metaspace       used 133290K, capacity 136790K, committed 137048K, reserved 1169408K
  class space    used 16375K, capacity 17622K, committed 17752K, reserved 1048576K
}
Event: 2074.733 GC heap before
{Heap before GC invocations=73 (full 0):
 garbage-first heap   total 270336K, used 210742K [0x0000000080000000, 0x0000000100000000)
  region size 1024K, 73 young (74752K), 2 survivors (2048K)
 Metaspace       used 137206K, capacity 141161K, committed 141400K, reserved 1171456K
  class space    used 17060K, capacity 18482K, committed 18520K, reserved 1048576K
}
Event: 2074.746 GC heap after
{Heap after GC invocations=74 (full 0):
 garbage-first heap   total 324608K, used 144507K [0x0000000080000000, 0x0000000100000000)
  region size 1024K, 9 young (9216K), 9 survivors (9216K)
 Metaspace       used 137206K, capacity 141161K, committed 141400K, reserved 1171456K
  class space    used 17060K, capacity 18482K, committed 18520K, reserved 1048576K
}

